<?xml version="1.0" encoding="UTF-8"?>
<!-- Generated by org.testng.reporters.JUnitXMLReporter -->
<testsuite hostname="Harshal-HP" ignored="0" name="Command line test" tests="5" failures="0" timestamp="16 Apr 2019 01:53:12 GMT" time="0.045" errors="0">
  <testcase name="loginSet" time="0.01" classname="com.qa.test.HomePageTest"/>
  <testcase name="loginpage" time="0.0" classname="com.qa.test.HomePageTest"/>
  <testcase name="test1" time="0.0" classname="com.qa.test.LoginTest"/>
  <testcase name="searchPageSet" time="0.0" classname="com.qa.test.SearchPageTest"/>
  <testcase name="searchPageTest" time="0.0" classname="com.qa.test.SearchPageTest"/>
</testsuite> <!-- Command line test -->
