<?xml version="1.0" encoding="UTF-8"?>
<testng-results skipped="0" failed="0" ignored="0" total="5" passed="5">
  <reporter-output>
  </reporter-output>
  <suite name="Command line suite" duration-ms="45" started-at="2019-04-16T01:53:11Z" finished-at="2019-04-16T01:53:12Z">
    <groups>
    </groups>
    <test name="Command line test" duration-ms="45" started-at="2019-04-16T01:53:11Z" finished-at="2019-04-16T01:53:12Z">
      <class name="com.qa.test.SearchPageTest">
        <test-method status="PASS" signature="searchPageSet()[pri:0, instance:com.qa.test.SearchPageTest@1a407d53]" name="searchPageSet" duration-ms="0" started-at="2019-04-16T01:53:12Z" finished-at="2019-04-16T01:53:12Z">
          <reporter-output>
          </reporter-output>
        </test-method> <!-- searchPageSet -->
        <test-method status="PASS" signature="searchPageTest()[pri:0, instance:com.qa.test.SearchPageTest@1a407d53]" name="searchPageTest" duration-ms="0" started-at="2019-04-16T01:53:12Z" finished-at="2019-04-16T01:53:12Z">
          <reporter-output>
          </reporter-output>
        </test-method> <!-- searchPageTest -->
      </class> <!-- com.qa.test.SearchPageTest -->
      <class name="com.qa.test.LoginTest">
        <test-method status="PASS" signature="test1()[pri:0, instance:com.qa.test.LoginTest@3498ed]" name="test1" duration-ms="0" started-at="2019-04-16T01:53:12Z" finished-at="2019-04-16T01:53:12Z">
          <reporter-output>
          </reporter-output>
        </test-method> <!-- test1 -->
      </class> <!-- com.qa.test.LoginTest -->
      <class name="com.qa.test.HomePageTest">
        <test-method status="PASS" signature="loginSet()[pri:0, instance:com.qa.test.HomePageTest@6aaa5eb0]" name="loginSet" duration-ms="10" started-at="2019-04-16T01:53:11Z" finished-at="2019-04-16T01:53:12Z">
          <reporter-output>
          </reporter-output>
        </test-method> <!-- loginSet -->
        <test-method status="PASS" signature="loginpage()[pri:0, instance:com.qa.test.HomePageTest@6aaa5eb0]" name="loginpage" duration-ms="0" started-at="2019-04-16T01:53:12Z" finished-at="2019-04-16T01:53:12Z">
          <reporter-output>
          </reporter-output>
        </test-method> <!-- loginpage -->
      </class> <!-- com.qa.test.HomePageTest -->
    </test> <!-- Command line test -->
  </suite> <!-- Command line suite -->
</testng-results>
